  Using bundled DotNet SDK
  Log file: C:\Users\yoshida_kaito\AppData\Local\UnrealBuildTool\Log.txt
  Invalidating makefile for GoodAfterNoonEditor (working set of source files changed)
  Building GoodAfterNoonEditor...
  Using Visual Studio 2019 14.29.30151 toolchain (C:\Program Files (x86)\Microsoft Visual Studio\2019\Community\VC\Tools\MSVC\14.29.30133) and Windows 10.0.18362.0 SDK (C:\Program Files (x86)\Windows Kits\10).
  [Adaptive Build] Excluded from GoodAfterNoon unity file: CalcurateFirstFractal.cpp, DebugActor.cpp, GoodAfterNoon.cpp, GoodAfterNoonCharacter.cpp, GoodAfterNoonGameMode.cpp, GoodAfterNoonProjectile.cpp, TP_PickUpComponent.cpp, TP_WeaponComponent.cpp
  Determining max actions to execute in parallel (20 physical cores, 20 logical cores)
    Executing up to 20 processes, one per physical core
  Building 8 actions with 8 processes...
  [1/8] Compile GoodAfterNoon.init.gen.cpp
  [2/8] Compile CalcurateFirstFractal.cpp
  [3/8] Compile DebugActor.gen.cpp
  [4/8] Compile DebugActor.cpp
  [5/8] Compile CalcurateFirstFractal.gen.cpp
  [6/8] Link UnrealEditor-GoodAfterNoon-0026.lib
     ライブラリ E:\GitProject\GoodAfterNoon\GoodAfterNoon\Intermediate\Build\Win64\UnrealEditor\Development\GoodAfterNoon\UnrealEditor-GoodAfterNoon-0026.lib とオブジェクト E:\GitProject\GoodAfterNoon\GoodAfterNoon\Intermediate\Build\Win64\UnrealEditor\Development\GoodAfterNoon\UnrealEditor-GoodAfterNoon-0026.exp を作成中
  [7/8] Link UnrealEditor-GoodAfterNoon-0026.dll
     ライブラリ E:\GitProject\GoodAfterNoon\GoodAfterNoon\Intermediate\Build\Win64\UnrealEditor\Development\GoodAfterNoon\UnrealEditor-GoodAfterNoon-0026.suppressed.lib とオブジェクト E:\GitProject\GoodAfterNoon\GoodAfterNoon\Intermediate\Build\Win64\UnrealEditor\Development\GoodAfterNoon\UnrealEditor-GoodAfterNoon-0026.suppressed.exp を作成中
  [8/8] WriteMetadata GoodAfterNoonEditor.target
  Total time in Parallel executor: 1.76 seconds
  Total execution time: 2.71 seconds
